# JRE version: Java(TM) SE Runtime Environment (17.0.12+8) (build 17.0.12+8-LTS-286)
# Java VM: Java HotSpot(TM) 64-Bit Server VM (17.0.12+8-LTS-286, mixed mode, sharing, tiered, compressed oops, compressed class ptrs, g1 gc, windows-amd64)
GC Precious Log:
 CPUs: 8 total, 8 available
 Memory: 7103M
 Large Page Support: Disabled
 NUMA Support: Disabled
 Compressed Oops: Enabled (32-bit)
 Heap Region Size: 1M
 Heap Min Capacity: 256M
 Heap Initial Capacity: 256M
 Heap Max Capacity: 512M
 Pre-touch: Disabled
 Parallel Workers: 8
 Concurrent Workers: 2
 Concurrent Refinement Workers: 8
 Periodic GC: Disabled
Heap:
 garbage-first heap   total 262144K, used 65588K [0x00000000e0000000, 0x0000000100000000)
  region size 1024K, 36 young (36864K), 3 survivors (3072K)
 Metaspace       used 36661K, committed 37248K, reserved 393216K
  class space    used 5099K, committed 5376K, reserved 327680K
GC Heap History (16 events):
Event: 8.206 GC heap before
{Heap before GC invocations=0 (full 0):
 garbage-first heap   total 262144K, used 22528K [0x00000000e0000000, 0x0000000100000000)
  region size 1024K, 23 young (23552K), 0 survivors (0K)
 Metaspace       used 1095K, committed 1216K, reserved 393216K
  class space    used 74K, committed 128K, reserved 327680K
}
Event: 8.386 GC heap after
{Heap after GC invocations=1 (full 0):
 garbage-first heap   total 262144K, used 4117K [0x00000000e0000000, 0x0000000100000000)
  region size 1024K, 3 young (3072K), 3 survivors (3072K)
 Metaspace       used 1095K, committed 1216K, reserved 393216K
  class space    used 74K, committed 128K, reserved 327680K
}
Event: 11.381 GC heap before
{Heap before GC invocations=1 (full 0):
 garbage-first heap   total 262144K, used 38933K [0x00000000e0000000, 0x0000000100000000)
  region size 1024K, 33 young (33792K), 3 survivors (3072K)
 Metaspace       used 4333K, committed 4544K, reserved 393216K
  class space    used 542K, committed 640K, reserved 327680K
}
Event: 11.386 GC heap after
{Heap after GC invocations=2 (full 0):
 garbage-first heap   total 262144K, used 11940K [0x00000000e0000000, 0x0000000100000000)
  region size 1024K, 4 young (4096K), 4 survivors (4096K)
 Metaspace       used 4333K, committed 4544K, reserved 393216K
  class space    used 542K, committed 640K, reserved 327680K
}
Event: 13.187 GC heap before
{Heap before GC invocations=2 (full 0):
 garbage-first heap   total 262144K, used 58020K [0x00000000e0000000, 0x0000000100000000)
  region size 1024K, 47 young (48128K), 4 survivors (4096K)
 Metaspace       used 4638K, committed 4864K, reserved 393216K
  class space    used 582K, committed 704K, reserved 327680K
}
Event: 13.196 GC heap after
{Heap after GC invocations=3 (full 0):
 garbage-first heap   total 262144K, used 17272K [0x00000000e0000000, 0x0000000100000000)
  region size 1024K, 5 young (5120K), 5 survivors (5120K)
 Metaspace       used 4638K, committed 4864K, reserved 393216K
  class space    used 582K, committed 704K, reserved 327680K
}
Event: 90.940 GC heap before
{Heap before GC invocations=3 (full 0):
 garbage-first heap   total 262144K, used 123768K [0x00000000e0000000, 0x0000000100000000)
  region size 1024K, 110 young (112640K), 5 survivors (5120K)
 Metaspace       used 21192K, committed 21504K, reserved 393216K
  class space    used 3082K, committed 3200K, reserved 327680K
}
Event: 91.924 GC heap after
{Heap after GC invocations=4 (full 0):
 garbage-first heap   total 262144K, used 24596K [0x00000000e0000000, 0x0000000100000000)
  region size 1024K, 12 young (12288K), 12 survivors (12288K)
 Metaspace       used 21192K, committed 21504K, reserved 393216K
  class space    used 3082K, committed 3200K, reserved 327680K
}
Event: 97.623 GC heap before
{Heap before GC invocations=5 (full 0):
 garbage-first heap   total 262144K, used 25620K [0x00000000e0000000, 0x0000000100000000)
  region size 1024K, 13 young (13312K), 12 survivors (12288K)
 Metaspace       used 21248K, committed 21632K, reserved 393216K
  class space    used 3103K, committed 3264K, reserved 327680K
}
Event: 97.662 GC heap after
{Heap after GC invocations=6 (full 0):
 garbage-first heap   total 262144K, used 25990K [0x00000000e0000000, 0x0000000100000000)
  region size 1024K, 2 young (2048K), 2 survivors (2048K)
 Metaspace       used 21248K, committed 21632K, reserved 393216K
  class space    used 3103K, committed 3264K, reserved 327680K
}
Event: 101.899 GC heap before
{Heap before GC invocations=6 (full 0):
 garbage-first heap   total 262144K, used 36230K [0x00000000e0000000, 0x0000000100000000)
  region size 1024K, 12 young (12288K), 2 survivors (2048K)
 Metaspace       used 22628K, committed 22912K, reserved 393216K
  class space    used 3320K, committed 3456K, reserved 327680K
}
Event: 101.906 GC heap after
{Heap after GC invocations=7 (full 0):
 garbage-first heap   total 262144K, used 25568K [0x00000000e0000000, 0x0000000100000000)
  region size 1024K, 1 young (1024K), 1 survivors (1024K)
 Metaspace       used 22628K, committed 22912K, reserved 393216K
  class space    used 3320K, committed 3456K, reserved 327680K
}
Event: 145.685 GC heap before
{Heap before GC invocations=7 (full 0):
 garbage-first heap   total 262144K, used 105440K [0x00000000e0000000, 0x0000000100000000)
  region size 1024K, 80 young (81920K), 1 survivors (1024K)
 Metaspace       used 33680K, committed 34112K, reserved 393216K
  class space    used 4792K, committed 4992K, reserved 327680K
}
Event: 145.777 GC heap after
{Heap after GC invocations=8 (full 0):
 garbage-first heap   total 262144K, used 31507K [0x00000000e0000000, 0x0000000100000000)
  region size 1024K, 7 young (7168K), 7 survivors (7168K)
 Metaspace       used 33680K, committed 34112K, reserved 393216K
  class space    used 4792K, committed 4992K, reserved 327680K
}
Event: 162.843 GC heap before
{Heap before GC invocations=8 (full 0):
 garbage-first heap   total 262144K, used 59155K [0x00000000e0000000, 0x0000000100000000)
  region size 1024K, 30 young (30720K), 7 survivors (7168K)
 Metaspace       used 35514K, committed 35968K, reserved 393216K
  class space    used 4920K, committed 5184K, reserved 327680K
}
Event: 162.878 GC heap after
{Heap after GC invocations=9 (full 0):
 garbage-first heap   total 262144K, used 32820K [0x00000000e0000000, 0x0000000100000000)
  region size 1024K, 3 young (3072K), 3 survivors (3072K)
 Metaspace       used 35514K, committed 35968K, reserved 393216K
  class space    used 4920K, committed 5184K, reserved 327680K
}

