# JRE version: Java(TM) SE Runtime Environment (17.0.12+8) (build 17.0.12+8-LTS-286)
# Java VM: Java HotSpot(TM) 64-Bit Server VM (17.0.12+8-LTS-286, mixed mode, sharing, tiered, compressed oops, compressed class ptrs, g1 gc, windows-amd64)
GC Precious Log:
 CPUs: 8 total, 8 available
 Memory: 7103M
 Large Page Support: Disabled
 NUMA Support: Disabled
 Compressed Oops: Enabled (32-bit)
 Heap Region Size: 1M
 Heap Min Capacity: 256M
 Heap Initial Capacity: 256M
 Heap Max Capacity: 512M
 Pre-touch: Disabled
 Parallel Workers: 8
 Concurrent Workers: 2
 Concurrent Refinement Workers: 8
 Periodic GC: Disabled
Heap:
 garbage-first heap   total 262144K, used 116592K [0x00000000e0000000, 0x0000000100000000)
  region size 1024K, 73 young (74752K), 3 survivors (3072K)
 Metaspace       used 48222K, committed 48768K, reserved 393216K
  class space    used 6710K, committed 6976K, reserved 327680K
GC Heap History (20 events):
Event: 39.375 GC heap before
{Heap before GC invocations=5 (full 0):
 garbage-first heap   total 262144K, used 45448K [0x00000000e0000000, 0x0000000100000000)
  region size 1024K, 36 young (36864K), 15 survivors (15360K)
 Metaspace       used 23658K, committed 24000K, reserved 393216K
  class space    used 3502K, committed 3648K, reserved 327680K
}
Event: 39.660 GC heap after
{Heap after GC invocations=6 (full 0):
 garbage-first heap   total 262144K, used 26600K [0x00000000e0000000, 0x0000000100000000)
  region size 1024K, 2 young (2048K), 2 survivors (2048K)
 Metaspace       used 23658K, committed 24000K, reserved 393216K
  class space    used 3502K, committed 3648K, reserved 327680K
}
Event: 150.007 GC heap before
{Heap before GC invocations=6 (full 0):
 garbage-first heap   total 262144K, used 106472K [0x00000000e0000000, 0x0000000100000000)
  region size 1024K, 81 young (82944K), 2 survivors (2048K)
 Metaspace       used 33774K, committed 34176K, reserved 393216K
  class space    used 4800K, committed 4992K, reserved 327680K
}
Event: 150.513 GC heap after
{Heap after GC invocations=7 (full 0):
 garbage-first heap   total 262144K, used 31815K [0x00000000e0000000, 0x0000000100000000)
  region size 1024K, 7 young (7168K), 7 survivors (7168K)
 Metaspace       used 33774K, committed 34176K, reserved 393216K
  class space    used 4800K, committed 4992K, reserved 327680K
}
Event: 158.337 GC heap before
{Heap before GC invocations=7 (full 0):
 garbage-first heap   total 262144K, used 35911K [0x00000000e0000000, 0x0000000100000000)
  region size 1024K, 12 young (12288K), 7 survivors (7168K)
 Metaspace       used 34184K, committed 34560K, reserved 393216K
  class space    used 4843K, committed 4992K, reserved 327680K
}
Event: 158.356 GC heap after
{Heap after GC invocations=8 (full 0):
 garbage-first heap   total 262144K, used 32580K [0x00000000e0000000, 0x0000000100000000)
  region size 1024K, 2 young (2048K), 2 survivors (2048K)
 Metaspace       used 34184K, committed 34560K, reserved 393216K
  class space    used 4843K, committed 4992K, reserved 327680K
}
Event: 167.438 GC heap before
{Heap before GC invocations=8 (full 0):
 garbage-first heap   total 262144K, used 45892K [0x00000000e0000000, 0x0000000100000000)
  region size 1024K, 11 young (11264K), 2 survivors (2048K)
 Metaspace       used 35495K, committed 35968K, reserved 393216K
  class space    used 4921K, committed 5184K, reserved 327680K
}
Event: 167.589 GC heap after
{Heap after GC invocations=9 (full 0):
 garbage-first heap   total 262144K, used 33509K [0x00000000e0000000, 0x0000000100000000)
  region size 1024K, 3 young (3072K), 3 survivors (3072K)
 Metaspace       used 35495K, committed 35968K, reserved 393216K
  class space    used 4921K, committed 5184K, reserved 327680K
}
Event: 176.693 GC heap before
{Heap before GC invocations=10 (full 0):
 garbage-first heap   total 262144K, used 57061K [0x00000000e0000000, 0x0000000100000000)
  region size 1024K, 26 young (26624K), 3 survivors (3072K)
 Metaspace       used 36509K, committed 37056K, reserved 393216K
  class space    used 5097K, committed 5376K, reserved 327680K
}
Event: 176.948 GC heap after
{Heap after GC invocations=11 (full 0):
 garbage-first heap   total 262144K, used 33153K [0x00000000e0000000, 0x0000000100000000)
  region size 1024K, 2 young (2048K), 2 survivors (2048K)
 Metaspace       used 36509K, committed 37056K, reserved 393216K
  class space    used 5097K, committed 5376K, reserved 327680K
}
Event: 187.293 GC heap before
{Heap before GC invocations=11 (full 0):
 garbage-first heap   total 262144K, used 48513K [0x00000000e0000000, 0x0000000100000000)
  region size 1024K, 18 young (18432K), 2 survivors (2048K)
 Metaspace       used 37413K, committed 37952K, reserved 393216K
  class space    used 5221K, committed 5504K, reserved 327680K
}
Event: 187.327 GC heap after
{Heap after GC invocations=12 (full 0):
 garbage-first heap   total 262144K, used 34052K [0x00000000e0000000, 0x0000000100000000)
  region size 1024K, 3 young (3072K), 3 survivors (3072K)
 Metaspace       used 37413K, committed 37952K, reserved 393216K
  class space    used 5221K, committed 5504K, reserved 327680K
}
Event: 194.163 GC heap before
{Heap before GC invocations=12 (full 0):
 garbage-first heap   total 262144K, used 51460K [0x00000000e0000000, 0x0000000100000000)
  region size 1024K, 21 young (21504K), 3 survivors (3072K)
 Metaspace       used 39465K, committed 40000K, reserved 393216K
  class space    used 5565K, committed 5824K, reserved 327680K
}
Event: 194.179 GC heap after
{Heap after GC invocations=13 (full 0):
 garbage-first heap   total 262144K, used 35021K [0x00000000e0000000, 0x0000000100000000)
  region size 1024K, 3 young (3072K), 3 survivors (3072K)
 Metaspace       used 39465K, committed 40000K, reserved 393216K
  class space    used 5565K, committed 5824K, reserved 327680K
}
Event: 199.314 GC heap before
{Heap before GC invocations=13 (full 0):
 garbage-first heap   total 262144K, used 66765K [0x00000000e0000000, 0x0000000100000000)
  region size 1024K, 33 young (33792K), 3 survivors (3072K)
 Metaspace       used 43258K, committed 43840K, reserved 393216K
  class space    used 6083K, committed 6336K, reserved 327680K
}
Event: 199.337 GC heap after
{Heap after GC invocations=14 (full 0):
 garbage-first heap   total 262144K, used 36111K [0x00000000e0000000, 0x0000000100000000)
  region size 1024K, 4 young (4096K), 4 survivors (4096K)
 Metaspace       used 43258K, committed 43840K, reserved 393216K
  class space    used 6083K, committed 6336K, reserved 327680K
}
Event: 205.834 GC heap before
{Heap before GC invocations=14 (full 0):
 garbage-first heap   total 262144K, used 79119K [0x00000000e0000000, 0x0000000100000000)
  region size 1024K, 46 young (47104K), 4 survivors (4096K)
 Metaspace       used 46464K, committed 47040K, reserved 393216K
  class space    used 6529K, committed 6784K, reserved 327680K
}
Event: 205.871 GC heap after
{Heap after GC invocations=15 (full 0):
 garbage-first heap   total 262144K, used 40139K [0x00000000e0000000, 0x0000000100000000)
  region size 1024K, 6 young (6144K), 6 survivors (6144K)
 Metaspace       used 46464K, committed 47040K, reserved 393216K
  class space    used 6529K, committed 6784K, reserved 327680K
}
Event: 207.546 GC heap before
{Heap before GC invocations=15 (full 0):
 garbage-first heap   total 262144K, used 57547K [0x00000000e0000000, 0x0000000100000000)
  region size 1024K, 24 young (24576K), 6 survivors (6144K)
 Metaspace       used 47008K, committed 47552K, reserved 393216K
  class space    used 6587K, committed 6848K, reserved 327680K
}
Event: 207.561 GC heap after
{Heap after GC invocations=16 (full 0):
 garbage-first heap   total 262144K, used 42864K [0x00000000e0000000, 0x0000000100000000)
  region size 1024K, 3 young (3072K), 3 survivors (3072K)
 Metaspace       used 47008K, committed 47552K, reserved 393216K
  class space    used 6587K, committed 6848K, reserved 327680K
}

